<?xml version="1.0" encoding="UTF-8"?>
<testng-results ignored="0" total="3" passed="3" failed="0" skipped="0">
  <reporter-output>
    <line>
      <![CDATA[titles are matching]]>
    </line>
    <line>
      <![CDATA[titles are matching]]>
    </line>
    <line>
      <![CDATA[titles are matching]]>
    </line>
  </reporter-output>
  <suite started-at="2026-01-20T11:25:37 IST" name="Suite" finished-at="2026-01-20T11:25:59 IST" duration-ms="21841">
    <groups>
    </groups>
    <test started-at="2026-01-20T11:25:37 IST" name="ChromeTest" finished-at="2026-01-20T11:25:44 IST" duration-ms="6913">
      <class name="testcases.TC_Login">
        <test-method is-config="true" signature="setup(java.lang.String)[pri:0, instance:testcases.TC_Login@7ec7ffd3]" started-at="2026-01-20T11:25:37 IST" name="setup" finished-at="2026-01-20T11:25:42 IST" duration-ms="4982" status="PASS">
          <params>
            <param index="0">
              <value>
                <![CDATA[CHROME]]>
              </value>
            </param>
          </params>
          <reporter-output>
          </reporter-output>
        </test-method> <!-- setup -->
        <test-method signature="login()[pri:0, instance:testcases.TC_Login@7ec7ffd3]" started-at="2026-01-20T11:25:42 IST" name="login" finished-at="2026-01-20T11:25:44 IST" duration-ms="1541" status="PASS">
          <reporter-output>
            <line>
              <![CDATA[titles are matching]]>
            </line>
          </reporter-output>
        </test-method> <!-- login -->
        <test-method is-config="true" signature="teardown()[pri:0, instance:testcases.TC_Login@7ec7ffd3]" started-at="2026-01-20T11:25:44 IST" name="teardown" finished-at="2026-01-20T11:25:44 IST" duration-ms="350" status="PASS">
          <reporter-output>
          </reporter-output>
        </test-method> <!-- teardown -->
      </class> <!-- testcases.TC_Login -->
    </test> <!-- ChromeTest -->
    <test started-at="2026-01-20T11:25:44 IST" name="EdgeTest" finished-at="2026-01-20T11:25:50 IST" duration-ms="5964">
      <class name="testcases.TC_Login">
        <test-method is-config="true" signature="setup(java.lang.String)[pri:0, instance:testcases.TC_Login@2f9f7dcf]" started-at="2026-01-20T11:25:44 IST" name="setup" finished-at="2026-01-20T11:25:49 IST" duration-ms="5001" status="PASS">
          <params>
            <param index="0">
              <value>
                <![CDATA[EDGE]]>
              </value>
            </param>
          </params>
          <reporter-output>
          </reporter-output>
        </test-method> <!-- setup -->
        <test-method signature="login()[pri:0, instance:testcases.TC_Login@2f9f7dcf]" started-at="2026-01-20T11:25:49 IST" name="login" finished-at="2026-01-20T11:25:50 IST" duration-ms="440" status="PASS">
          <reporter-output>
            <line>
              <![CDATA[titles are matching]]>
            </line>
          </reporter-output>
        </test-method> <!-- login -->
        <test-method is-config="true" signature="teardown()[pri:0, instance:testcases.TC_Login@2f9f7dcf]" started-at="2026-01-20T11:25:50 IST" name="teardown" finished-at="2026-01-20T11:25:50 IST" duration-ms="516" status="PASS">
          <reporter-output>
          </reporter-output>
        </test-method> <!-- teardown -->
      </class> <!-- testcases.TC_Login -->
    </test> <!-- EdgeTest -->
    <test started-at="2026-01-20T11:25:50 IST" name="FirefoxTest" finished-at="2026-01-20T11:25:59 IST" duration-ms="8920">
      <class name="testcases.TC_Login">
        <test-method is-config="true" signature="setup(java.lang.String)[pri:0, instance:testcases.TC_Login@35e2d654]" started-at="2026-01-20T11:25:50 IST" name="setup" finished-at="2026-01-20T11:25:57 IST" duration-ms="7329" status="PASS">
          <params>
            <param index="0">
              <value>
                <![CDATA[FIREFOX]]>
              </value>
            </param>
          </params>
          <reporter-output>
          </reporter-output>
        </test-method> <!-- setup -->
        <test-method signature="login()[pri:0, instance:testcases.TC_Login@35e2d654]" started-at="2026-01-20T11:25:57 IST" name="login" finished-at="2026-01-20T11:25:58 IST" duration-ms="439" status="PASS">
          <reporter-output>
            <line>
              <![CDATA[titles are matching]]>
            </line>
          </reporter-output>
        </test-method> <!-- login -->
        <test-method is-config="true" signature="teardown()[pri:0, instance:testcases.TC_Login@35e2d654]" started-at="2026-01-20T11:25:58 IST" name="teardown" finished-at="2026-01-20T11:25:59 IST" duration-ms="1148" status="PASS">
          <reporter-output>
          </reporter-output>
        </test-method> <!-- teardown -->
      </class> <!-- testcases.TC_Login -->
    </test> <!-- FirefoxTest -->
  </suite> <!-- Suite -->
</testng-results>
