<?xml version="1.0" encoding="UTF-8"?>
<testng-results ignored="0" total="3" passed="3" failed="0" skipped="0">
  <reporter-output>
    <line>
      <![CDATA[titles are matching]]>
    </line>
    <line>
      <![CDATA[titles are matching]]>
    </line>
    <line>
      <![CDATA[titles are matching]]>
    </line>
  </reporter-output>
  <suite started-at="2026-01-19T11:42:24 IST" name="Suite" finished-at="2026-01-19T11:42:47 IST" duration-ms="22430">
    <groups>
    </groups>
    <test started-at="2026-01-19T11:42:24 IST" name="ChromeTest" finished-at="2026-01-19T11:42:32 IST" duration-ms="8026">
      <class name="testcases.TC_Login">
        <test-method is-config="true" signature="setup(java.lang.String)[pri:0, instance:testcases.TC_Login@1caa0244]" started-at="2026-01-19T11:42:24 IST" name="setup" finished-at="2026-01-19T11:42:29 IST" duration-ms="5055" status="PASS">
          <params>
            <param index="0">
              <value>
                <![CDATA[CHROME]]>
              </value>
            </param>
          </params>
          <reporter-output>
          </reporter-output>
        </test-method> <!-- setup -->
        <test-method signature="login()[pri:0, instance:testcases.TC_Login@1caa0244]" started-at="2026-01-19T11:42:29 IST" name="login" finished-at="2026-01-19T11:42:32 IST" duration-ms="2576" status="PASS">
          <reporter-output>
            <line>
              <![CDATA[titles are matching]]>
            </line>
          </reporter-output>
        </test-method> <!-- login -->
        <test-method is-config="true" signature="teardown()[pri:0, instance:testcases.TC_Login@1caa0244]" started-at="2026-01-19T11:42:32 IST" name="teardown" finished-at="2026-01-19T11:42:32 IST" duration-ms="344" status="PASS">
          <reporter-output>
          </reporter-output>
        </test-method> <!-- teardown -->
      </class> <!-- testcases.TC_Login -->
    </test> <!-- ChromeTest -->
    <test started-at="2026-01-19T11:42:32 IST" name="EdgeTest" finished-at="2026-01-19T11:42:38 IST" duration-ms="5680">
      <class name="testcases.TC_Login">
        <test-method is-config="true" signature="setup(java.lang.String)[pri:0, instance:testcases.TC_Login@4bdeaabb]" started-at="2026-01-19T11:42:32 IST" name="setup" finished-at="2026-01-19T11:42:37 IST" duration-ms="4546" status="PASS">
          <params>
            <param index="0">
              <value>
                <![CDATA[EDGE]]>
              </value>
            </param>
          </params>
          <reporter-output>
          </reporter-output>
        </test-method> <!-- setup -->
        <test-method signature="login()[pri:0, instance:testcases.TC_Login@4bdeaabb]" started-at="2026-01-19T11:42:37 IST" name="login" finished-at="2026-01-19T11:42:38 IST" duration-ms="823" status="PASS">
          <reporter-output>
            <line>
              <![CDATA[titles are matching]]>
            </line>
          </reporter-output>
        </test-method> <!-- login -->
        <test-method is-config="true" signature="teardown()[pri:0, instance:testcases.TC_Login@4bdeaabb]" started-at="2026-01-19T11:42:38 IST" name="teardown" finished-at="2026-01-19T11:42:38 IST" duration-ms="301" status="PASS">
          <reporter-output>
          </reporter-output>
        </test-method> <!-- teardown -->
      </class> <!-- testcases.TC_Login -->
    </test> <!-- EdgeTest -->
    <test started-at="2026-01-19T11:42:38 IST" name="FirefoxTest" finished-at="2026-01-19T11:42:47 IST" duration-ms="8687">
      <class name="testcases.TC_Login">
        <test-method is-config="true" signature="setup(java.lang.String)[pri:0, instance:testcases.TC_Login@65987993]" started-at="2026-01-19T11:42:38 IST" name="setup" finished-at="2026-01-19T11:42:45 IST" duration-ms="6986" status="PASS">
          <params>
            <param index="0">
              <value>
                <![CDATA[FIREFOX]]>
              </value>
            </param>
          </params>
          <reporter-output>
          </reporter-output>
        </test-method> <!-- setup -->
        <test-method signature="login()[pri:0, instance:testcases.TC_Login@65987993]" started-at="2026-01-19T11:42:45 IST" name="login" finished-at="2026-01-19T11:42:46 IST" duration-ms="537" status="PASS">
          <reporter-output>
            <line>
              <![CDATA[titles are matching]]>
            </line>
          </reporter-output>
        </test-method> <!-- login -->
        <test-method is-config="true" signature="teardown()[pri:0, instance:testcases.TC_Login@65987993]" started-at="2026-01-19T11:42:46 IST" name="teardown" finished-at="2026-01-19T11:42:47 IST" duration-ms="1153" status="PASS">
          <reporter-output>
          </reporter-output>
        </test-method> <!-- teardown -->
      </class> <!-- testcases.TC_Login -->
    </test> <!-- FirefoxTest -->
  </suite> <!-- Suite -->
</testng-results>
