<?xml version="1.0" encoding="UTF-8"?>
<!-- Generated by org.testng.reporters.JUnitReportReporter -->
<testsuite hostname="DESKTOP-56C0EHH" failures="0" tests="3" name="testcases.TC_Login" time="3.936" errors="0" timestamp="2026-01-19T11:42:47 IST" skipped="0">
  <testcase classname="testcases.TC_Login" name="login" time="0.537">
    <system-out>
      <![CDATA[titles are matching]]>
    </system-out>
  </testcase> <!-- login -->
  <testcase classname="testcases.TC_Login" name="login" time="2.576">
    <system-out>
      <![CDATA[titles are matching]]>
    </system-out>
  </testcase> <!-- login -->
  <testcase classname="testcases.TC_Login" name="login" time="0.823">
    <system-out>
      <![CDATA[titles are matching]]>
    </system-out>
  </testcase> <!-- login -->
  <system-out>
    <![CDATA[titles are matching
titles are matching
titles are matching]]>
  </system-out>
</testsuite> <!-- testcases.TC_Login -->
