<?xml version="1.0" encoding="UTF-8"?>
<!-- Generated by org.testng.reporters.JUnitReportReporter -->
<testsuite hostname="DESKTOP-56C0EHH" failures="0" tests="3" name="testcases.TC_Login" time="2.420" errors="0" timestamp="2026-01-20T11:25:59 IST" skipped="0">
  <testcase classname="testcases.TC_Login" name="login" time="1.541">
    <system-out>
      <![CDATA[titles are matching]]>
    </system-out>
  </testcase> <!-- login -->
  <testcase classname="testcases.TC_Login" name="login" time="0.439">
    <system-out>
      <![CDATA[titles are matching]]>
    </system-out>
  </testcase> <!-- login -->
  <testcase classname="testcases.TC_Login" name="login" time="0.440">
    <system-out>
      <![CDATA[titles are matching]]>
    </system-out>
  </testcase> <!-- login -->
  <system-out>
    <![CDATA[titles are matching
titles are matching
titles are matching]]>
  </system-out>
</testsuite> <!-- testcases.TC_Login -->
